10:48:05.544 [main] DEBUG io.netty.buffer.PooledByteBufAllocator - -Dio.netty.allocator.cacheTrimIntervalMillis: 0
10:48:05.549 [main] DEBUG io.netty.buffer.PooledByteBufAllocator - -Dio.netty.allocator.useCacheForAllThreads: true
10:48:05.549 [main] DEBUG io.netty.buffer.PooledByteBufAllocator - -Dio.netty.allocator.maxCachedByteBuffersPerChunk: 1023
10:48:05.559 [main] DEBUG io.netty.buffer.ByteBufUtil - -Dio.netty.allocator.type: pooled
10:48:05.559 [main] DEBUG io.netty.buffer.ByteBufUtil - -Dio.netty.threadLocalDirectBufferSize: 0
10:48:05.559 [main] DEBUG io.netty.buffer.ByteBufUtil - -Dio.netty.maxThreadLocalCharBufferSize: 16384
10:48:05.826 [Forwarding newSession on session null to remote] DEBUG io.netty.channel.DefaultChannelId - -Dio.netty.processId: 19488 (auto-detected)
10:48:05.828 [Forwarding newSession on session null to remote] DEBUG io.netty.util.NetUtil - -Djava.net.preferIPv4Stack: false
10:48:05.829 [Forwarding newSession on session null to remote] DEBUG io.netty.util.NetUtil - -Djava.net.preferIPv6Addresses: false
10:48:05.835 [Forwarding newSession on session null to remote] DEBUG io.netty.util.NetUtilInitializations - Loopback interface: lo (Software Loopback Interface 1, 127.0.0.1)
10:48:05.836 [Forwarding newSession on session null to remote] DEBUG io.netty.util.NetUtil - Failed to get SOMAXCONN from sysctl and file \proc\sys\net\core\somaxconn. Default: 200
10:48:05.856 [Forwarding newSession on session null to remote] DEBUG io.netty.channel.DefaultChannelId - -Dio.netty.machineId: c8:b2:9b:ff:fe:fb:4f:a0 (auto-detected)
10:48:05.908 [AsyncHttpClient-1-2] DEBUG io.netty.buffer.AbstractByteBuf - -Dio.netty.buffer.checkAccessible: true
10:48:05.908 [AsyncHttpClient-1-2] DEBUG io.netty.buffer.AbstractByteBuf - -Dio.netty.buffer.checkBounds: true
10:48:05.908 [AsyncHttpClient-1-2] DEBUG io.netty.util.ResourceLeakDetectorFactory - Loaded default ResourceLeakDetector: io.netty.util.ResourceLeakDetector@282dd679
10:48:05.928 [AsyncHttpClient-1-2] DEBUG io.netty.util.Recycler - -Dio.netty.recycler.maxCapacityPerThread: 4096
10:48:05.929 [AsyncHttpClient-1-2] DEBUG io.netty.util.Recycler - -Dio.netty.recycler.ratio: 8
10:48:05.929 [AsyncHttpClient-1-2] DEBUG io.netty.util.Recycler - -Dio.netty.recycler.chunkSize: 32
10:48:05.929 [AsyncHttpClient-1-2] DEBUG io.netty.util.Recycler - -Dio.netty.recycler.blocking: false
10:48:08.071 [AsyncHttpClient-1-2] DEBUG io.netty.handler.codec.compression.Brotli - brotli4j not in the classpath; Brotli support will be unavailable.
10:48:08.162 [main] INFO  testCases.TC_001_LoginDDT - Launched firefox Browser
10:48:08.710 [main] INFO  testCases.TC_001_LoginDDT - Started TC_001_LoginDDT 
10:48:10.040 [main] INFO  testCases.TC_001_LoginDDT - opened sauce demo url
10:48:10.143 [main] INFO  testCases.TC_001_LoginDDT - entered username
10:48:10.178 [main] INFO  testCases.TC_001_LoginDDT - entered password
10:48:10.470 [main] INFO  testCases.TC_001_LoginDDT - clicked Login button
10:48:13.494 [main] INFO  testCases.TC_001_LoginDDT - test_Login passed
10:48:16.168 [main] INFO  testCases.TC_001_LoginDDT - Finished TC_001_LoginDDT 
10:48:16.202 [main] INFO  testCases.TC_001_LoginDDT - Started TC_001_LoginDDT 
10:48:16.321 [main] INFO  testCases.TC_001_LoginDDT - opened sauce demo url
10:48:16.349 [main] INFO  testCases.TC_001_LoginDDT - entered username
10:48:16.371 [main] INFO  testCases.TC_001_LoginDDT - entered password
10:48:16.609 [main] INFO  testCases.TC_001_LoginDDT - clicked Login button
10:48:19.730 [main] INFO  testCases.TC_001_LoginDDT - test_Login passed
10:48:21.806 [main] INFO  testCases.TC_001_LoginDDT - Finished TC_001_LoginDDT 
10:48:24.731 [main] INFO  testCases.TC_002_Search - Launched firefox Browser
10:48:24.737 [main] INFO  testCases.TC_002_Search - Started TC_003_Search
10:48:28.149 [main] INFO  testCases.TC_002_Search - Search URL opened
10:48:28.199 [main] INFO  testCases.TC_002_Search - Search Keyword entered
10:48:28.597 [main] INFO  testCases.TC_002_Search - Search button clicked
10:48:28.717 [main] INFO  testCases.TC_002_Search - Searched item does not exist, search failed
